0 info it worked if it ends with ok
1 verbose cli [ 'C:\\Program Files\\nodejs\\node.exe',
1 verbose cli   'C:\\Program Files\\nodejs\\node_modules\\npm\\bin\\npm-cli.js',
1 verbose cli   'start' ]
2 info using npm@3.3.12
3 info using node@v5.1.0
4 verbose run-script [ 'prestart', 'start', 'poststart' ]
5 info lifecycle reactWeatherApp@1.0.0~prestart: reactWeatherApp@1.0.0
6 silly lifecycle reactWeatherApp@1.0.0~prestart: no script for prestart, continuing
7 info lifecycle reactWeatherApp@1.0.0~start: reactWeatherApp@1.0.0
8 verbose lifecycle reactWeatherApp@1.0.0~start: unsafe-perm in lifecycle true
9 verbose lifecycle reactWeatherApp@1.0.0~start: PATH: C:\Program Files\nodejs\node_modules\npm\bin\node-gyp-bin;C:\Users\Murali.Manjunatha\desktop\react projects\ReactWeatherApp\node_modules\.bin;C:\Users\Murali.Manjunatha\bin;C:\Users\Murali.Manjunatha\AppData\Local\Programs\Git\mingw64\bin;C:\Users\Murali.Manjunatha\AppData\Local\Programs\Git\usr\local\bin;C:\Users\Murali.Manjunatha\AppData\Local\Programs\Git\usr\bin;C:\Users\Murali.Manjunatha\AppData\Local\Programs\Git\usr\bin;C:\Users\Murali.Manjunatha\AppData\Local\Programs\Git\mingw64\bin;C:\Users\Murali.Manjunatha\AppData\Local\Programs\Git\usr\bin;C:\Users\Murali.Manjunatha\bin;C:\ProgramData\Oracle\Java\javapath;C:\windows\system32;C:\windows;C:\windows\System32\Wbem;C:\windows\System32\WindowsPowerShell\v1.0;C:\Program Files\Microsoft\Web Platform Installer;C:\Program Files (x86)\Microsoft ASP.NET\ASP.NET Web Pages\v1.0;C:\Program Files\Microsoft SQL Server\110\Tools\Binn;C:\Program Files\Microsoft SQL Server\110\DTS\Binn;C:\Program Files (x86)\Microsoft SQL Server\110\Tools\Binn;C:\Program Files (x86)\Microsoft SQL Server\110\Tools\Binn\ManagementStudio;C:\Program Files (x86)\Microsoft Visual Studio 10.0\Common7\IDE\PrivateAssemblies;C:\Program Files (x86)\Microsoft SQL Server\110\DTS\Binn;C:\Program Files (x86)\Windows Kits\8.1\Windows Performance Toolkit;C:\Program Files\Microsoft SQL Server\120\Tools\Binn;C:\Program Files (x86)\GtkSharp\2.12\bin;C:\xampp\php;C:\Windows\System32;C:\xampp\htdocs\mimmu\vendor\bin;C:\Program Files (x86)\Brackets\command;C:\ProgramData\ComposerSetup\bin;C:\Program Files\nodejs;C:\Program Files\TortoiseSVN\bin;C:\Program Files (x86)\Skype\Phone;%USERPROFILE%\.dnx\bin;C:\Program Files\Microsoft DNX\Dnvm;C:\Users\Murali.Manjunatha\AppData\Local\Programs\Git\cmd;C:\Users\Murali.Manjunatha\AppData\Local\Programs\Git\mingw64\bin;C:\Users\Murali.Manjunatha\AppData\Local\Programs\Git\usr\bin;C:\Program Files (x86)\Heroku\bin;C:\Program Files (x86)\git\cmd;C:\Program Files (x86)\Git\cmd;C:\Users\Murali.Manjunatha\AppData\Local\atom\bin;C:\Users\Murali.Manjunatha\AppData\Roaming\npm;C:\Users\Murali.Manjunatha\AppData\Local\Programs\Git\usr\bin\vendor_perl;C:\Users\Murali.Manjunatha\AppData\Local\Programs\Git\usr\bin\core_perl
10 verbose lifecycle reactWeatherApp@1.0.0~start: CWD: C:\Users\Murali.Manjunatha\desktop\react projects\ReactWeatherApp
11 silly lifecycle reactWeatherApp@1.0.0~start: Args: [ '/d /s /c', 'node server.js' ]
12 silly lifecycle reactWeatherApp@1.0.0~start: Returned: code: 1  signal: null
13 info lifecycle reactWeatherApp@1.0.0~start: Failed to exec start script
14 verbose stack Error: reactWeatherApp@1.0.0 start: `node server.js`
14 verbose stack Exit status 1
14 verbose stack     at EventEmitter.<anonymous> (C:\Program Files\nodejs\node_modules\npm\lib\utils\lifecycle.js:232:16)
14 verbose stack     at emitTwo (events.js:87:13)
14 verbose stack     at EventEmitter.emit (events.js:172:7)
14 verbose stack     at ChildProcess.<anonymous> (C:\Program Files\nodejs\node_modules\npm\lib\utils\spawn.js:24:14)
14 verbose stack     at emitTwo (events.js:87:13)
14 verbose stack     at ChildProcess.emit (events.js:172:7)
14 verbose stack     at maybeClose (internal/child_process.js:818:16)
14 verbose stack     at Process.ChildProcess._handle.onexit (internal/child_process.js:211:5)
15 verbose pkgid reactWeatherApp@1.0.0
16 verbose cwd C:\Users\Murali.Manjunatha\desktop\react projects\ReactWeatherApp
17 error Windows_NT 6.1.7601
18 error argv "C:\\Program Files\\nodejs\\node.exe" "C:\\Program Files\\nodejs\\node_modules\\npm\\bin\\npm-cli.js" "start"
19 error node v5.1.0
20 error npm  v3.3.12
21 error code ELIFECYCLE
22 error reactWeatherApp@1.0.0 start: `node server.js`
22 error Exit status 1
23 error Failed at the reactWeatherApp@1.0.0 start script 'node server.js'.
23 error Make sure you have the latest version of node.js and npm installed.
23 error If you do, this is most likely a problem with the reactWeatherApp package,
23 error not with npm itself.
23 error Tell the author that this fails on your system:
23 error     node server.js
23 error You can get their info via:
23 error     npm owner ls reactWeatherApp
23 error There is likely additional logging output above.
24 verbose exit [ 1, true ]
